<?xml version="1.0" encoding="UTF-8"?>
<!-- Generated by org.testng.reporters.JUnitReportReporter -->
<testsuite hostname="michael-ubuntu" failures="0" tests="5" name="com.project.CMSC495.GetterSetterTesting" time="0.013" errors="0" timestamp="2021-11-26T02:47:20 EST" skipped="0">
  <testcase classname="com.project.CMSC495.GetterSetterTesting" name="channelTest" time="0.008"/>
  <system-out/>
  <testcase classname="com.project.CMSC495.GetterSetterTesting" name="idTest" time="0.001"/>
  <system-out/>
  <testcase classname="com.project.CMSC495.GetterSetterTesting" name="providerTest" time="0.001"/>
  <system-out/>
  <testcase classname="com.project.CMSC495.GetterSetterTesting" name="emailTest" time="0.001"/>
  <system-out/>
  <testcase classname="com.project.CMSC495.GetterSetterTesting" name="nameTest" time="0.002"/>
  <system-out/>
</testsuite> <!-- com.project.CMSC495.GetterSetterTesting -->
