<?xml version="1.0" encoding="UTF-8"?>
<!-- Generated by org.testng.reporters.JUnitReportReporter -->
<testsuite hostname="michael-manjaro" failures="0" tests="5" name="com.project.CMSC495.GetterSetterTesting" time="0.009" errors="0" timestamp="2021-11-23T14:17:22 EAT" skipped="0">
  <testcase classname="com.project.CMSC495.GetterSetterTesting" name="nameTest" time="0.001"/>
  <system-out/>
  <testcase classname="com.project.CMSC495.GetterSetterTesting" name="providerTest" time="0.000"/>
  <system-out/>
  <testcase classname="com.project.CMSC495.GetterSetterTesting" name="idTest" time="0.001"/>
  <system-out/>
  <testcase classname="com.project.CMSC495.GetterSetterTesting" name="channelTest" time="0.006"/>
  <system-out/>
  <testcase classname="com.project.CMSC495.GetterSetterTesting" name="emailTest" time="0.001"/>
  <system-out/>
</testsuite> <!-- com.project.CMSC495.GetterSetterTesting -->
